<?xml version="1.0" encoding="UTF-8"?>
<!-- Generated by org.testng.reporters.JUnitReportReporter -->
<testsuite hostname="Sudeep3150484" name="runner.TestRunner" tests="2" failures="0" timestamp="25 Apr 2019 09:00:19 GMT" time="35.127" errors="0">
  <testcase name="login" time="24.819" classname="runner.TestRunner"/>
  <testcase name="login" time="10.308" classname="runner.TestRunner"/>
</testsuite> <!-- runner.TestRunner -->
