<?xml version="1.0" encoding="UTF-8"?>
<!-- Generated by org.testng.reporters.JUnitReportReporter -->
<testsuite hostname="Sudeep3150484" name="demo.redbus.assignment.Tests" tests="1" failures="0" timestamp="7 May 2019 09:12:39 GMT" time="2.860" errors="0">
  <testcase name="helpWindowTest" time="2.860" classname="demo.redbus.assignment.Tests"/>
</testsuite> <!-- demo.redbus.assignment.Tests -->
