<?xml version="1.0" encoding="UTF-8"?>
<!-- Generated by org.testng.reporters.JUnitReportReporter -->
<testsuite hostname="Sudeep3150484" name="demo.redbus.assignment.TestsForKnowMorePage" tests="4" failures="0" timestamp="8 May 2019 06:43:35 GMT" time="18.754" errors="0">
  <testcase name="redirectWindowStoreFromKnowMoreWindow" time="8.141" classname="demo.redbus.assignment.TestsForKnowMorePage"/>
  <testcase name="knowMoreWindowTest" time="2.350" classname="demo.redbus.assignment.TestsForKnowMorePage"/>
  <testcase name="redirectPlayStoreFromKnowMoreWindowTest" time="4.674" classname="demo.redbus.assignment.TestsForKnowMorePage"/>
  <testcase name="redirectAppStoreFromKnowMoreWindowTest" time="3.589" classname="demo.redbus.assignment.TestsForKnowMorePage"/>
</testsuite> <!-- demo.redbus.assignment.TestsForKnowMorePage -->
