<?xml version="1.0" encoding="UTF-8"?>
<!-- Generated by org.testng.reporters.JUnitReportReporter -->
<testsuite hostname="Sudeep3150484" name="project.utilities.BasePage" tests="1" failures="0" timestamp="6 May 2019 07:26:30 GMT" time="7.424" errors="0">
  <testcase name="invokeDriver" time="7.424" classname="project.utilities.BasePage"/>
</testsuite> <!-- project.utilities.BasePage -->
