<?xml version="1.0" encoding="UTF-8"?>
<!-- Generated by org.testng.reporters.JUnitReportReporter -->
<testsuite hostname="Sudeep3150484" name="demo.redbus.assignment.TestsForHomePage" tests="7" failures="0" timestamp="8 May 2019 06:43:35 GMT" time="32.876" errors="0">
  <testcase name="productsNavigationBarTest" time="0.114" classname="demo.redbus.assignment.TestsForHomePage"/>
  <testcase name="redirectHomePagefromHotelsWindow" time="5.454" classname="demo.redbus.assignment.TestsForHomePage"/>
  <testcase name="redirectHomePagefromBusHireWindow" time="5.154" classname="demo.redbus.assignment.TestsForHomePage"/>
  <testcase name="helpWindowTest" time="2.704" classname="demo.redbus.assignment.TestsForHomePage"/>
  <testcase name="searchTest" time="9.183" classname="demo.redbus.assignment.TestsForHomePage"/>
  <testcase name="redirectHomePagefromPilgrimagesWindow" time="3.358" classname="demo.redbus.assignment.TestsForHomePage"/>
  <testcase name="redirectHomePagefromBusTicketWindow" time="6.909" classname="demo.redbus.assignment.TestsForHomePage"/>
</testsuite> <!-- demo.redbus.assignment.TestsForHomePage -->
